<?xml version="1.0" encoding="UTF-8"?>
<testng-results ignored="0" total="1" passed="0" failed="1" skipped="0">
  <reporter-output>
  </reporter-output>
  <suite started-at="2023-03-19T21:58:06 IST" name="Suite" finished-at="2023-03-19T21:58:10 IST" duration-ms="4031">
    <groups>
    </groups>
    <test started-at="2023-03-19T21:58:06 IST" name="Test" finished-at="2023-03-19T21:58:10 IST" duration-ms="4031">
      <class name="test.indexpagetest">
        <test-method is-config="true" signature="lounchbrowser()[pri:0, instance:test.indexpagetest@661972b0]" started-at="2023-03-19T21:58:06 IST" name="lounchbrowser" finished-at="2023-03-19T21:58:07 IST" duration-ms="1587" status="PASS">
          <reporter-output>
          </reporter-output>
        </test-method> <!-- lounchbrowser -->
        <test-method is-config="true" signature="POMobject()[pri:0, instance:test.indexpagetest@661972b0]" started-at="2023-03-19T21:58:07 IST" name="POMobject" finished-at="2023-03-19T21:58:07 IST" duration-ms="21" status="PASS">
          <reporter-output>
          </reporter-output>
        </test-method> <!-- POMobject -->
        <test-method is-config="true" signature="gotoamezon()[pri:0, instance:test.indexpagetest@661972b0]" started-at="2023-03-19T21:58:08 IST" name="gotoamezon" finished-at="2023-03-19T21:58:09 IST" duration-ms="1807" status="PASS">
          <reporter-output>
          </reporter-output>
        </test-method> <!-- gotoamezon -->
        <test-method signature="searchfunctionality()[pri:0, instance:test.indexpagetest@661972b0]" started-at="2023-03-19T21:58:09 IST" name="searchfunctionality" finished-at="2023-03-19T21:58:09 IST" duration-ms="26" status="FAIL">
          <exception class="java.io.IOException">
            <message>
              <![CDATA[Can't open workbook - unsupported file type: PNG]]>
            </message>
            <full-stacktrace>
              <![CDATA[java.io.IOException: Can't open workbook - unsupported file type: PNG
at org.apache.poi.ss.usermodel.WorkbookFactory.create(WorkbookFactory.java:203)
at org.apache.poi.ss.usermodel.WorkbookFactory.create(WorkbookFactory.java:163)
at utils.utility.exeldata(utility.java:33)
at test.indexpagetest.searchfunctionality(indexpagetest.java:46)
at java.base/jdk.internal.reflect.DirectMethodHandleAccessor.invoke(DirectMethodHandleAccessor.java:104)
at java.base/java.lang.reflect.Method.invoke(Method.java:577)
at org.testng.internal.MethodInvocationHelper.invokeMethod(MethodInvocationHelper.java:133)
at org.testng.internal.TestInvoker.invokeMethod(TestInvoker.java:598)
at org.testng.internal.TestInvoker.invokeTestMethod(TestInvoker.java:173)
at org.testng.internal.MethodRunner.runInSequence(MethodRunner.java:46)
at org.testng.internal.TestInvoker$MethodInvocationAgent.invoke(TestInvoker.java:824)
at org.testng.internal.TestInvoker.invokeTestMethods(TestInvoker.java:146)
at org.testng.internal.TestMethodWorker.invokeTestMethods(TestMethodWorker.java:146)
at org.testng.internal.TestMethodWorker.run(TestMethodWorker.java:128)
at java.base/java.util.ArrayList.forEach(ArrayList.java:1511)
at org.testng.TestRunner.privateRun(TestRunner.java:794)
at org.testng.TestRunner.run(TestRunner.java:596)
at org.testng.SuiteRunner.runTest(SuiteRunner.java:377)
at org.testng.SuiteRunner.runSequentially(SuiteRunner.java:371)
at org.testng.SuiteRunner.privateRun(SuiteRunner.java:332)
at org.testng.SuiteRunner.run(SuiteRunner.java:276)
at org.testng.SuiteRunnerWorker.runSuite(SuiteRunnerWorker.java:53)
at org.testng.SuiteRunnerWorker.run(SuiteRunnerWorker.java:96)
at org.testng.TestNG.runSuitesSequentially(TestNG.java:1212)
at org.testng.TestNG.runSuitesLocally(TestNG.java:1134)
at org.testng.TestNG.runSuites(TestNG.java:1063)
at org.testng.TestNG.run(TestNG.java:1031)
at org.testng.remote.AbstractRemoteTestNG.run(AbstractRemoteTestNG.java:115)
at org.testng.remote.RemoteTestNG.initAndRun(RemoteTestNG.java:251)
at org.testng.remote.RemoteTestNG.main(RemoteTestNG.java:77)
]]>
            </full-stacktrace>
          </exception> <!-- java.io.IOException -->
          <reporter-output>
          </reporter-output>
        </test-method> <!-- searchfunctionality -->
        <test-method is-config="true" signature="failscreenshoot(org.testng.ITestResult)[pri:0, instance:test.indexpagetest@661972b0]" started-at="2023-03-19T21:58:09 IST" name="failscreenshoot" finished-at="2023-03-19T21:58:10 IST" duration-ms="347" status="PASS">
          <params>
            <param index="0">
              <value>
                <![CDATA[[TestResult name=searchfunctionality status=FAILURE method=indexpagetest.searchfunctionality()[pri:0, instance:test.indexpagetest@661972b0] output={null}]]]>
              </value>
            </param>
          </params>
          <reporter-output>
          </reporter-output>
        </test-method> <!-- failscreenshoot -->
        <test-method is-config="true" signature="objectclosed()[pri:0, instance:test.indexpagetest@661972b0]" started-at="2023-03-19T21:58:10 IST" name="objectclosed" finished-at="2023-03-19T21:58:10 IST" duration-ms="0" status="PASS">
          <reporter-output>
          </reporter-output>
        </test-method> <!-- objectclosed -->
        <test-method is-config="true" signature="closedbrowser()[pri:0, instance:test.indexpagetest@661972b0]" started-at="2023-03-19T21:58:10 IST" name="closedbrowser" finished-at="2023-03-19T21:58:10 IST" duration-ms="202" status="PASS">
          <reporter-output>
          </reporter-output>
        </test-method> <!-- closedbrowser -->
      </class> <!-- test.indexpagetest -->
    </test> <!-- Test -->
  </suite> <!-- Suite -->
</testng-results>
